============================= test session starts =============================
platform win32 -- Python 3.12.10, pytest-8.3.4, pluggy-1.6.0 -- C:\Users\T14s\OneDrive\Desktop\SIH\new\VeriShield_Officer_v2\.venv312\Scripts\python.exe
cachedir: .pytest_cache
rootdir: C:\Users\T14s\OneDrive\Desktop\SIH\new\VeriShield_Officer_v2\backend
configfile: pytest.ini
plugins: anyio-4.14.2
collecting ... collected 107 items

tests/test_adversarial_phase5.py::test_cross_device_session_hijack_rejected PASSED [  0%]
tests/test_adversarial_phase5.py::test_same_session_sync_idempotency PASSED [  1%]
tests/test_adversarial_phase5.py::test_sql_injection_payloads_in_search_and_admin_params PASSED [  2%]
tests/test_adversarial_phase5.py::test_path_traversal_attempts_rejected PASSED [  3%]
tests/test_adversarial_phase5.py::test_admin_auth_bearer_edge_cases PASSED [  4%]
tests/test_adversarial_phase5.py::test_chatbot_credential_leakage_resistance PASSED [  5%]
tests/test_api.py::test_backend_dotenv_is_loaded_for_admin_config PASSED [  6%]
tests/test_api.py::test_health PASSED                                    [  7%]
tests/test_api.py::test_capabilities_is_honest_about_unbuilt_parts PASSED [  8%]
tests/test_api.py::test_unbuilt_endpoints_return_501 PASSED              [  9%]
tests/test_api.py::test_upload_rejects_unknown_document_type PASSED      [ 10%]
tests/test_api.py::test_validate_before_ocr_conflicts PASSED             [ 11%]
tests/test_api.py::test_expired_document_gives_plain_language_error PASSED [ 12%]
tests/test_api.py::test_aadhaar_round_trip SKIPPED (Tesseract not in...) [ 13%]
tests/test_api.py::test_tampered_aadhaar_is_flagged SKIPPED (Tessera...) [ 14%]
tests/test_api.py::test_officer_decision_is_recorded SKIPPED (Tesser...) [ 14%]
tests/test_api.py::test_passport_round_trip SKIPPED (Tesseract not i...) [ 15%]
tests/test_checksum.py::test_verhoeff_known_valid[2363] PASSED           [ 16%]
tests/test_checksum.py::test_verhoeff_known_valid[123451] PASSED         [ 17%]
tests/test_checksum.py::test_verhoeff_known_valid[1428570] PASSED        [ 18%]
tests/test_checksum.py::test_verhoeff_known_valid[0] PASSED              [ 19%]
tests/test_checksum.py::test_verhoeff_known_valid[758722] PASSED         [ 20%]
tests/test_checksum.py::test_verhoeff_known_invalid[2364] PASSED         [ 21%]
tests/test_checksum.py::test_verhoeff_known_invalid[75873] PASSED        [ 22%]
tests/test_checksum.py::test_verhoeff_known_invalid[123452] PASSED       [ 23%]
tests/test_checksum.py::test_verhoeff_known_invalid[1428571] PASSED      [ 24%]
tests/test_checksum.py::test_verhoeff_check_digit_round_trip PASSED      [ 25%]
tests/test_checksum.py::test_verhoeff_detects_single_digit_error PASSED  [ 26%]
tests/test_checksum.py::test_verhoeff_detects_adjacent_transposition PASSED [ 27%]
tests/test_checksum.py::test_aadhaar_valid_number_passes PASSED          [ 28%]
tests/test_checksum.py::test_aadhaar_bad_checksum_fails PASSED           [ 28%]
tests/test_checksum.py::test_aadhaar_leading_zero_rejected PASSED        [ 29%]
tests/test_checksum.py::test_aadhaar_missing_number_is_not_evaluated PASSED [ 30%]
tests/test_checksum.py::test_mrz_check_digit_icao_reference PASSED       [ 31%]
tests/test_checksum.py::test_passport_valid_mrz_passes PASSED            [ 32%]
tests/test_checksum.py::test_passport_altered_dob_fails PASSED           [ 33%]
tests/test_checksum.py::test_passport_missing_mrz_is_not_evaluated PASSED [ 34%]
tests/test_checksum.py::test_passport_short_line_flagged PASSED          [ 35%]
tests/test_checksum.py::test_dl_valid_structure PASSED                   [ 36%]
tests/test_checksum.py::test_dl_unknown_state_code PASSED                [ 37%]
tests/test_checksum.py::test_dl_bad_format PASSED                        [ 38%]
tests/test_checksum.py::test_summary_fail_wins PASSED                    [ 39%]
tests/test_checksum.py::test_summary_needs_review_when_unknowns_present PASSED [ 40%]
tests/test_enrollment.py::test_valid_device_enrollment PASSED            [ 41%]
tests/test_enrollment.py::test_invalid_enrollment_code_rejected PASSED   [ 42%]
tests/test_enrollment.py::test_expired_enrollment_code_rejected PASSED   [ 42%]
tests/test_enrollment.py::test_already_used_enrollment_code_rejected PASSED [ 43%]
tests/test_enrollment.py::test_device_id_mismatch_rejected PASSED        [ 44%]
tests/test_enrollment.py::test_invalid_public_key_format_rejected PASSED [ 45%]
tests/test_enrollment.py::test_proof_of_possession_failure_rejected PASSED [ 46%]
tests/test_enrollment.py::test_device_revocation_and_suspension_lifecycle PASSED [ 47%]
tests/test_enrollment.py::test_real_end_to_end_browser_enrollment_and_sync PASSED [ 48%]
tests/test_extract.py::test_extract_aadhaar_fields PASSED                [ 49%]
tests/test_extract.py::test_extract_dl_fields PASSED                     [ 50%]
tests/test_extract.py::test_extract_passport_mrz PASSED                  [ 51%]
tests/test_extract.py::test_extract_handles_empty_text PASSED            [ 52%]
tests/test_extract.py::test_mask_number_keeps_only_last_four PASSED      [ 53%]
tests/test_extract.py::test_mrz_glyph_repair_is_confirmed_by_check_digit PASSED [ 54%]
tests/test_extract.py::test_mrz_repair_cannot_rescue_a_genuinely_wrong_number PASSED [ 55%]
tests/test_performance.py::test_checksum_performance_sanity PASSED       [ 56%]
tests/test_performance.py::test_sync_latency_performance_sanity PASSED   [ 57%]
tests/test_performance.py::test_idempotent_sync_prevents_duplicate_records PASSED [ 57%]
tests/test_performance.py::test_oversized_sync_payload_rejected PASSED   [ 58%]
tests/test_performance.py::test_oversized_enrollment_payload_rejected PASSED [ 59%]
tests/test_performance.py::test_correlation_id_preserved_and_returned PASSED [ 60%]
tests/test_performance.py::test_correlation_id_auto_generated_when_missing PASSED [ 61%]
tests/test_performance.py::test_attack_benchmark_matrix[Replay attack-None-409] PASSED [ 62%]
tests/test_performance.py::test_attack_benchmark_matrix[Invalid signature-<lambda>-401] PASSED [ 63%]
tests/test_performance.py::test_attack_benchmark_matrix[Unknown device ID-<lambda>-403] PASSED [ 64%]
tests/test_phase51_security.py::test_pytest_does_not_disable_rate_limiter PASSED [ 65%]
tests/test_phase51_security.py::test_sync_rate_limiter_accepts_under_threshold PASSED [ 66%]
tests/test_phase51_security.py::test_sync_rate_limiter_rejects_above_threshold PASSED [ 67%]
tests/test_phase51_security.py::test_sync_rate_limiter_isolates_different_devices PASSED [ 68%]
tests/test_phase51_security.py::test_rate_limiter_state_resets_between_tests PASSED [ 69%]
tests/test_phase51_security.py::test_api_returns_429_when_device_rate_limit_exceeded PASSED [ 70%]
tests/test_phase51_security.py::test_rate_limiter_concurrency_thread_safety PASSED [ 71%]
tests/test_security_regression.py::test_valid_ecdsa_sync_succeeds PASSED [ 71%]
tests/test_security_regression.py::test_unauthenticated_sync_rejected PASSED [ 72%]
tests/test_security_regression.py::test_unknown_device_rejected PASSED   [ 73%]
tests/test_security_regression.py::test_wrong_public_key_rejected PASSED [ 74%]
tests/test_security_regression.py::test_modified_body_rejected PASSED    [ 75%]
tests/test_security_regression.py::test_expired_timestamp_rejected PASSED [ 76%]
tests/test_security_regression.py::test_reused_nonce_rejected PASSED     [ 77%]
tests/test_security_regression.py::test_wrong_checkpoint_rejected PASSED [ 78%]
tests/test_security_regression.py::test_checkpoint_prefix_not_accepted PASSED [ 79%]
tests/test_security_regression.py::test_wrong_officer_rejected PASSED    [ 80%]
tests/test_security_regression.py::test_unknown_officer_not_created_through_sync PASSED [ 81%]
tests/test_security_regression.py::test_unknown_checkpoint_not_created_through_sync PASSED [ 82%]
tests/test_security_regression.py::test_idempotent_and_conflicting_session PASSED [ 83%]
tests/test_security_regression.py::test_admin_wrong_password PASSED      [ 84%]
tests/test_security_regression.py::test_admin_fake_token PASSED          [ 85%]
tests/test_security_regression.py::test_invalid_file_magic_bytes PASSED  [ 85%]
tests/test_security_regression.py::test_credential_disclosure_sanitized PASSED [ 86%]
tests/test_security_regression.py::test_audit_chain_tampering_detected PASSED [ 87%]
tests/test_security_remediation.py::test_unconfigured_admin_passcode_fails PASSED [ 88%]
tests/test_security_remediation.py::test_admin_login_rejects_wrong_passcode PASSED [ 89%]
tests/test_security_remediation.py::test_admin_login_success_with_valid_passcode PASSED [ 90%]
tests/test_security_remediation.py::test_admin_endpoints_reject_unauthenticated_request PASSED [ 91%]
tests/test_security_remediation.py::test_admin_endpoints_reject_fake_client_token PASSED [ 92%]
tests/test_security_remediation.py::test_chatbot_never_discloses_credentials PASSED [ 93%]
tests/test_security_remediation.py::test_sync_rejects_unknown_device_with_403 PASSED [ 94%]
tests/test_security_remediation.py::test_sync_rejects_device_checkpoint_mismatch_with_403 PASSED [ 95%]
tests/test_security_remediation.py::test_sync_rejects_unauthorized_officer_with_403 PASSED [ 96%]
tests/test_security_remediation.py::test_sync_accepts_valid_registered_device_sync PASSED [ 97%]
tests/test_security_remediation.py::test_sync_rejects_expired_timestamp_with_401 PASSED [ 98%]
tests/test_security_remediation.py::test_audit_hash_chain_verification_valid PASSED [ 99%]
tests/test_security_remediation.py::test_audit_hash_chain_detects_tampering PASSED [100%]

======================= 103 passed, 4 skipped in 4.02s ========================
